[06-16-2025 18:41:26]: Logger initialized
[06-16-2025 18:41:26]: Checking installed conda packages...
[06-16-2025 18:41:28]: Package 'pysradb' is installed.
[06-16-2025 18:41:30]: Package 'bismark' is installed.
[06-16-2025 18:41:32]: Package 'bowtie2' is installed.
[06-16-2025 18:41:34]: Package 'samtools' is installed.
[06-16-2025 18:41:36]: Package 'sra-tools' is installed.
[06-16-2025 18:41:37]: Package 'fastqc' is installed.
[06-16-2025 18:41:39]: Package 'pandas' is installed.
[06-16-2025 18:41:41]: Package 'numpy' is installed.
[06-16-2025 18:41:43]: Package 'matplotlib' is installed.
[06-16-2025 18:41:45]: Package 'multiqc' is installed.
[06-16-2025 18:41:45]: All required packages are installed.
[06-16-2025 18:41:45]: Starting GSE-to-SRR metadata extraction using pysradb
[06-16-2025 18:41:45]: Querying metadata for GSE210218
[06-16-2025 18:41:49]: Found study accession SRP389118 for GSE210218
[06-16-2025 18:41:50]: Saved metadata to /ifs/groups/sacanGrp/kc3745/pipelines/bs_snp/metadata/GSE210218_run_metadata.tsv
[06-16-2025 18:41:50]: Launching genome setup in background (if needed)...
[06-16-2025 18:41:50]: Starting FASTQ download step...
[06-16-2025 18:41:50]: Total available threads: 96
[06-16-2025 18:41:50]: Using 48
[06-16-2025 18:41:50]: Processing metadata file: /ifs/groups/sacanGrp/kc3745/pipelines/bs_snp/metadata/GSE210218_run_metadata.tsv
[06-16-2025 18:41:50]: Downloading SRR20731213 (SRS14378624) to /ifs/groups/sacanGrp/kc3745/pipelines/bs_snp/data/fastq/GSE210218/SRR20731213
[06-16-2025 18:42:33]: Failed to download SRR20731213
[06-16-2025 18:42:33]: Downloading SRR20731214 (SRS14378623) to /ifs/groups/sacanGrp/kc3745/pipelines/bs_snp/data/fastq/GSE210218/SRR20731214
[06-16-2025 18:42:35]: Failed to download SRR20731214
