[06-16-2025 20:27:31]: Logger initialized
[06-16-2025 20:27:31]: Total available threads: 96
[06-16-2025 20:27:31]: Using 48
[06-16-2025 20:27:31]: Checking installed conda packages...
[06-16-2025 20:27:33]: Package 'pysradb' is installed.
[06-16-2025 20:27:34]: Package 'bismark' is installed.
[06-16-2025 20:27:36]: Package 'bowtie2' is installed.
[06-16-2025 20:27:38]: Package 'samtools' is installed.
[06-16-2025 20:27:40]: Package 'sra-tools' is installed.
[06-16-2025 20:27:42]: Package 'fastqc' is installed.
[06-16-2025 20:27:44]: Package 'pandas' is installed.
[06-16-2025 20:27:46]: Package 'numpy' is installed.
[06-16-2025 20:27:48]: Package 'matplotlib' is installed.
[06-16-2025 20:27:49]: Package 'multiqc' is installed.
[06-16-2025 20:27:49]: All required packages are installed.
[06-16-2025 20:27:49]: Starting GSE-to-SRR metadata extraction using pysradb
[06-16-2025 20:27:49]: Querying metadata for GSE210218
[06-16-2025 20:27:51]: Found study accession SRP389118 for GSE210218
[06-16-2025 20:27:52]: Saved metadata to /ifs/groups/sacanGrp/kc3745/pipelines/bs_snp/metadata/GSE210218_run_metadata.tsv
[06-16-2025 20:27:52]: Launching genome setup in background (if needed)...
[06-16-2025 20:27:52]: Running genome setup script synchronously...
[06-16-2025 20:27:52]: Genome setup completed successfully.
[06-16-2025 20:27:52]: Starting FASTQ download step...
[06-16-2025 20:27:52]: Processing metadata file: /ifs/groups/sacanGrp/kc3745/pipelines/bs_snp/metadata/GSE210218_run_metadata.tsv
[06-16-2025 20:27:52]: Downloading SRR20731213 (SRS14378624) to /ifs/groups/sacanGrp/kc3745/pipelines/bs_snp/data/fastq/GSE210218/SRR20731213
[06-16-2025 22:28:26]: Failed to download SRR20731213
[06-16-2025 22:28:26]: Downloading SRR20731214 (SRS14378623) to /ifs/groups/sacanGrp/kc3745/pipelines/bs_snp/data/fastq/GSE210218/SRR20731214
[06-16-2025 23:48:58]: Failed to download SRR20731214
