[06-16-2025 20:26:34]: Logger initialized
[06-16-2025 20:26:34]: Total available threads: 96
[06-16-2025 20:26:34]: Using 48
[06-16-2025 20:26:34]: Checking installed conda packages...
[06-16-2025 20:26:36]: Package 'pysradb' is installed.
[06-16-2025 20:26:38]: Package 'bismark' is installed.
[06-16-2025 20:26:40]: Package 'bowtie2' is installed.
[06-16-2025 20:26:42]: Package 'samtools' is installed.
[06-16-2025 20:26:44]: Package 'sra-tools' is installed.
[06-16-2025 20:26:46]: Package 'fastqc' is installed.
[06-16-2025 20:26:47]: Package 'pandas' is installed.
[06-16-2025 20:26:49]: Package 'numpy' is installed.
[06-16-2025 20:26:51]: Package 'matplotlib' is installed.
[06-16-2025 20:26:53]: Package 'multiqc' is installed.
[06-16-2025 20:26:53]: All required packages are installed.
[06-16-2025 20:26:53]: Starting GSE-to-SRR metadata extraction using pysradb
[06-16-2025 20:26:53]: Querying metadata for GSE210218
[06-16-2025 20:26:55]: Found study accession SRP389118 for GSE210218
[06-16-2025 20:26:56]: Saved metadata to /ifs/groups/sacanGrp/kc3745/pipelines/bs_snp/metadata/GSE210218_run_metadata.tsv
[06-16-2025 20:26:56]: Launching genome setup in background (if needed)...
[06-16-2025 20:26:56]: Running genome setup script synchronously...
[06-16-2025 20:26:56]: Genome setup completed successfully.
[06-16-2025 20:26:56]: Starting FASTQ download step...
[06-16-2025 20:26:56]: Processing metadata file: /ifs/groups/sacanGrp/kc3745/pipelines/bs_snp/metadata/GSE210218_run_metadata.tsv
[06-16-2025 20:26:56]: Downloading SRR20731213 (SRS14378624) to /ifs/groups/sacanGrp/kc3745/pipelines/bs_snp/data/fastq/GSE210218/SRR20731213
[06-16-2025 20:27:25]: Failed to download SRR20731213
[06-16-2025 20:27:25]: Downloading SRR20731214 (SRS14378623) to /ifs/groups/sacanGrp/kc3745/pipelines/bs_snp/data/fastq/GSE210218/SRR20731214
