[06-16-2025 20:25:41]: Logger initialized
[06-16-2025 20:25:41]: Total available threads: 96
[06-16-2025 20:25:41]: Using 48
[06-16-2025 20:25:41]: Checking installed conda packages...
[06-16-2025 20:25:43]: Package 'pysradb' is installed.
[06-16-2025 20:25:45]: Package 'bismark' is installed.
[06-16-2025 20:25:47]: Package 'bowtie2' is installed.
[06-16-2025 20:25:49]: Package 'samtools' is installed.
[06-16-2025 20:25:51]: Package 'sra-tools' is installed.
[06-16-2025 20:25:52]: Package 'fastqc' is installed.
[06-16-2025 20:25:54]: Package 'pandas' is installed.
[06-16-2025 20:25:56]: Package 'numpy' is installed.
[06-16-2025 20:25:58]: Package 'matplotlib' is installed.
[06-16-2025 20:26:00]: Package 'multiqc' is installed.
[06-16-2025 20:26:00]: All required packages are installed.
[06-16-2025 20:26:00]: Starting GSE-to-SRR metadata extraction using pysradb
[06-16-2025 20:26:00]: Querying metadata for GSE210218
[06-16-2025 20:26:02]: Found study accession SRP389118 for GSE210218
[06-16-2025 20:26:03]: Saved metadata to /ifs/groups/sacanGrp/kc3745/pipelines/bs_snp/metadata/GSE210218_run_metadata.tsv
[06-16-2025 20:26:03]: Launching genome setup in background (if needed)...
[06-16-2025 20:26:03]: Running genome setup script synchronously...
[06-16-2025 20:26:03]: Genome setup completed successfully.
[06-16-2025 20:26:03]: Starting FASTQ download step...
[06-16-2025 20:26:03]: Processing metadata file: /ifs/groups/sacanGrp/kc3745/pipelines/bs_snp/metadata/GSE210218_run_metadata.tsv
[06-16-2025 20:26:03]: Downloading SRR20731213 (SRS14378624) to /ifs/groups/sacanGrp/kc3745/pipelines/bs_snp/data/fastq/GSE210218/SRR20731213
[06-16-2025 20:26:04]: Failed to download SRR20731213
[06-16-2025 20:26:04]: Downloading SRR20731214 (SRS14378623) to /ifs/groups/sacanGrp/kc3745/pipelines/bs_snp/data/fastq/GSE210218/SRR20731214
[06-16-2025 20:26:07]: Failed to download SRR20731214
