[06-17-2025 19:10:43]: Logger initialized
[06-17-2025 19:10:43]: Logger initialized
[06-17-2025 19:10:43]: Total available threads: 96
[06-17-2025 19:10:43]: Using 48
[06-17-2025 19:10:43]: Running alignment ... 
Bowtie 2 seems to be working fine (tested command 'bowtie2 --version' [2.4.1])
Output format is BAM (default)
Alignments will be written out in BAM format. Samtools found here: '/home/kc3745/anaconda3/envs/bsseq_env/bin/samtools'
Reference genome folder provided is /ifs/groups/sacanGrp/kc3745/pipelines/bs_snp/genome/	(absolute path is '/ifs/groups/sacanGrp/kc3745/pipelines/bs_snp/genome/)'
FastQ format assumed (by default)

Input files to be analysed (in current folder '/ifs/groups/sacanGrp/kc3745/pipelines/GSE_Explorer/pipelines/bs_snp'):
/ifs/groups/sacanGrp/kc3745/pipelines/bs_snp/data/fastq/GSE210218/SRR20731213/SRR20731213_1.fastq
/ifs/groups/sacanGrp/kc3745/pipelines/bs_snp/data/fastq/GSE210218/SRR20731213/SRR20731213_2.fastq
Library is assumed to be strand-specific (directional), alignments to strands complementary to the original top or bottom strands will be ignored (i.e. not performed!)
Output will be written into the directory: /ifs/groups/sacanGrp/kc3745/pipelines/bs_snp/data/bam/
Core usage currently set to more than 20 threads. This might fail horribly but let's see how it goes... (set value: 48)

Summary of all aligner options:	-q --score-min L,0,-0.2 --ignore-quals --no-mixed --no-discordant --dovetail --maxins 500
Running Bismark Parallel version. Number of parallel instances to be spawned: 48

Current working directory is: /ifs/groups/sacanGrp/kc3745/pipelines/GSE_Explorer/pipelines/bs_snp

Now reading in and storing sequence information of the genome specified in: /ifs/groups/sacanGrp/kc3745/pipelines/bs_snp/genome/

chr chr1 (248956422 bp)
chr chr10 (133797422 bp)
chr chr11 (135086622 bp)
chr chr11_KI270721v1_random (100316 bp)
chr chr12 (133275309 bp)
chr chr13 (114364328 bp)
chr chr14 (107043718 bp)
chr chr14_GL000009v2_random (201709 bp)
chr chr14_GL000225v1_random (211173 bp)
chr chr14_KI270722v1_random (194050 bp)
chr chr14_GL000194v1_random (191469 bp)
chr chr14_KI270723v1_random (38115 bp)
chr chr14_KI270724v1_random (39555 bp)
chr chr14_KI270725v1_random (172810 bp)
chr chr14_KI270726v1_random (43739 bp)
chr chr15 (101991189 bp)
chr chr15_KI270727v1_random (448248 bp)
chr chr16 (90338345 bp)
chr chr16_KI270728v1_random (1872759 bp)
chr chr17 (83257441 bp)
chr chr17_GL000205v2_random (185591 bp)
chr chr17_KI270729v1_random (280839 bp)
chr chr17_KI270730v1_random (112551 bp)
chr chr18 (80373285 bp)
chr chr19 (58617616 bp)
chr chr1_KI270706v1_random (175055 bp)
chr chr1_KI270707v1_random (32032 bp)
chr chr1_KI270708v1_random (127682 bp)
chr chr1_KI270709v1_random (66860 bp)
chr chr1_KI270710v1_random (40176 bp)
chr chr1_KI270711v1_random (42210 bp)
chr chr1_KI270712v1_random (176043 bp)
chr chr1_KI270713v1_random (40745 bp)
chr chr1_KI270714v1_random (41717 bp)
chr chr2 (242193529 bp)
chr chr20 (64444167 bp)
chr chr21 (46709983 bp)
chr chr22 (50818468 bp)
chr chr22_KI270731v1_random (150754 bp)
chr chr22_KI270732v1_random (41543 bp)
chr chr22_KI270733v1_random (179772 bp)
chr chr22_KI270734v1_random (165050 bp)
chr chr22_KI270735v1_random (42811 bp)
chr chr22_KI270736v1_random (181920 bp)
chr chr22_KI270737v1_random (103838 bp)
chr chr22_KI270738v1_random (99375 bp)
chr chr22_KI270739v1_random (73985 bp)
chr chr2_KI270715v1_random (161471 bp)
chr chr2_KI270716v1_random (153799 bp)
chr chr3 (198295559 bp)
chr chr3_GL000221v1_random (155397 bp)
chr chr4 (190214555 bp)
chr chr4_GL000008v2_random (209709 bp)
chr chr5 (181538259 bp)
chr chr5_GL000208v1_random (92689 bp)
chr chr6 (170805979 bp)
chr chr7 (159345973 bp)
chr chr8 (145138636 bp)
chr chr9 (138394717 bp)
chr chr9_KI270717v1_random (40062 bp)
chr chr9_KI270718v1_random (38054 bp)
chr chr9_KI270719v1_random (176845 bp)
chr chr9_KI270720v1_random (39050 bp)
chr chr1_KI270762v1_alt (354444 bp)
chr chr1_KI270766v1_alt (256271 bp)
chr chr1_KI270760v1_alt (109528 bp)
chr chr1_KI270765v1_alt (185285 bp)
chr chr1_GL383518v1_alt (182439 bp)
chr chr1_GL383519v1_alt (110268 bp)
chr chr1_GL383520v2_alt (366580 bp)
chr chr1_KI270764v1_alt (50258 bp)
chr chr1_KI270763v1_alt (911658 bp)
chr chr1_KI270759v1_alt (425601 bp)
chr chr1_KI270761v1_alt (165834 bp)
chr chr2_KI270770v1_alt (136240 bp)
chr chr2_KI270773v1_alt (70887 bp)
chr chr2_KI270774v1_alt (223625 bp)
chr chr2_KI270769v1_alt (120616 bp)
chr chr2_GL383521v1_alt (143390 bp)
chr chr2_KI270772v1_alt (133041 bp)
chr chr2_KI270775v1_alt (138019 bp)
chr chr2_KI270771v1_alt (110395 bp)
chr chr2_KI270768v1_alt (110099 bp)
chr chr2_GL582966v2_alt (96131 bp)
chr chr2_GL383522v1_alt (123821 bp)
chr chr2_KI270776v1_alt (174166 bp)
chr chr2_KI270767v1_alt (161578 bp)
chr chr3_JH636055v2_alt (173151 bp)
chr chr3_KI270783v1_alt (109187 bp)
chr chr3_KI270780v1_alt (224108 bp)
chr chr3_GL383526v1_alt (180671 bp)
chr chr3_KI270777v1_alt (173649 bp)
chr chr3_KI270778v1_alt (248252 bp)
chr chr3_KI270781v1_alt (113034 bp)
chr chr3_KI270779v1_alt (205312 bp)
chr chr3_KI270782v1_alt (162429 bp)
chr chr3_KI270784v1_alt (184404 bp)
chr chr4_KI270790v1_alt (220246 bp)
chr chr4_GL383528v1_alt (376187 bp)
chr chr4_KI270787v1_alt (111943 bp)
chr chr4_GL000257v2_alt (586476 bp)
chr chr4_KI270788v1_alt (158965 bp)
chr chr4_GL383527v1_alt (164536 bp)
chr chr4_KI270785v1_alt (119912 bp)
chr chr4_KI270789v1_alt (205944 bp)
chr chr4_KI270786v1_alt (244096 bp)
chr chr5_KI270793v1_alt (126136 bp)
chr chr5_KI270792v1_alt (179043 bp)
chr chr5_KI270791v1_alt (195710 bp)
chr chr5_GL383532v1_alt (82728 bp)
chr chr5_GL949742v1_alt (226852 bp)
chr chr5_KI270794v1_alt (164558 bp)
chr chr5_GL339449v2_alt (1612928 bp)
chr chr5_GL383530v1_alt (101241 bp)
chr chr5_KI270796v1_alt (172708 bp)
chr chr5_GL383531v1_alt (173459 bp)
chr chr5_KI270795v1_alt (131892 bp)
chr chr6_GL000250v2_alt (4672374 bp)
chr chr6_KI270800v1_alt (175808 bp)
chr chr6_KI270799v1_alt (152148 bp)
chr chr6_GL383533v1_alt (124736 bp)
chr chr6_KI270801v1_alt (870480 bp)
chr chr6_KI270802v1_alt (75005 bp)
chr chr6_KB021644v2_alt (185823 bp)
chr chr6_KI270797v1_alt (197536 bp)
chr chr6_KI270798v1_alt (271782 bp)
chr chr7_KI270804v1_alt (157952 bp)
chr chr7_KI270809v1_alt (209586 bp)
chr chr7_KI270806v1_alt (158166 bp)
chr chr7_GL383534v2_alt (119183 bp)
chr chr7_KI270803v1_alt (1111570 bp)
chr chr7_KI270808v1_alt (271455 bp)
chr chr7_KI270807v1_alt (126434 bp)
chr chr7_KI270805v1_alt (209988 bp)
chr chr8_KI270818v1_alt (145606 bp)
chr chr8_KI270812v1_alt (282736 bp)
chr chr8_KI270811v1_alt (292436 bp)
chr chr8_KI270821v1_alt (985506 bp)
chr chr8_KI270813v1_alt (300230 bp)
chr chr8_KI270822v1_alt (624492 bp)
chr chr8_KI270814v1_alt (141812 bp)
chr chr8_KI270810v1_alt (374415 bp)
chr chr8_KI270819v1_alt (133535 bp)
chr chr8_KI270820v1_alt (36640 bp)
chr chr8_KI270817v1_alt (158983 bp)
chr chr8_KI270816v1_alt (305841 bp)
chr chr8_KI270815v1_alt (132244 bp)
chr chr9_GL383539v1_alt (162988 bp)
chr chr9_GL383540v1_alt (71551 bp)
chr chr9_GL383541v1_alt (171286 bp)
chr chr9_GL383542v1_alt (60032 bp)
chr chr9_KI270823v1_alt (439082 bp)
chr chr10_GL383545v1_alt (179254 bp)
chr chr10_KI270824v1_alt (181496 bp)
chr chr10_GL383546v1_alt (309802 bp)
chr chr10_KI270825v1_alt (188315 bp)
chr chr11_KI270832v1_alt (210133 bp)
chr chr11_KI270830v1_alt (177092 bp)
chr chr11_KI270831v1_alt (296895 bp)
chr chr11_KI270829v1_alt (204059 bp)
chr chr11_GL383547v1_alt (154407 bp)
chr chr11_JH159136v1_alt (200998 bp)
chr chr11_JH159137v1_alt (191409 bp)
chr chr11_KI270827v1_alt (67707 bp)
chr chr11_KI270826v1_alt (186169 bp)
chr chr12_GL877875v1_alt (167313 bp)
chr chr12_GL877876v1_alt (408271 bp)
chr chr12_KI270837v1_alt (40090 bp)
chr chr12_GL383549v1_alt (120804 bp)
chr chr12_KI270835v1_alt (238139 bp)
chr chr12_GL383550v2_alt (169178 bp)
chr chr12_GL383552v1_alt (138655 bp)
chr chr12_GL383553v2_alt (152874 bp)
chr chr12_KI270834v1_alt (119498 bp)
chr chr12_GL383551v1_alt (184319 bp)
chr chr12_KI270833v1_alt (76061 bp)
chr chr12_KI270836v1_alt (56134 bp)
chr chr13_KI270840v1_alt (191684 bp)
chr chr13_KI270839v1_alt (180306 bp)
chr chr13_KI270843v1_alt (103832 bp)
chr chr13_KI270841v1_alt (169134 bp)
chr chr13_KI270838v1_alt (306913 bp)
chr chr13_KI270842v1_alt (37287 bp)
chr chr14_KI270844v1_alt (322166 bp)
chr chr14_KI270847v1_alt (1511111 bp)
chr chr14_KI270845v1_alt (180703 bp)
chr chr14_KI270846v1_alt (1351393 bp)
chr chr15_KI270852v1_alt (478999 bp)
chr chr15_KI270851v1_alt (263054 bp)
chr chr15_KI270848v1_alt (327382 bp)
chr chr15_GL383554v1_alt (296527 bp)
chr chr15_KI270849v1_alt (244917 bp)
chr chr15_GL383555v2_alt (388773 bp)
chr chr15_KI270850v1_alt (430880 bp)
chr chr16_KI270854v1_alt (134193 bp)
chr chr16_KI270856v1_alt (63982 bp)
chr chr16_KI270855v1_alt (232857 bp)
chr chr16_KI270853v1_alt (2659700 bp)
chr chr16_GL383556v1_alt (192462 bp)
chr chr16_GL383557v1_alt (89672 bp)
chr chr17_GL383563v3_alt (375691 bp)
chr chr17_KI270862v1_alt (391357 bp)
chr chr17_KI270861v1_alt (196688 bp)
chr chr17_KI270857v1_alt (2877074 bp)
chr chr17_JH159146v1_alt (278131 bp)
chr chr17_JH159147v1_alt (70345 bp)
chr chr17_GL383564v2_alt (133151 bp)
chr chr17_GL000258v2_alt (1821992 bp)
chr chr17_GL383565v1_alt (223995 bp)
chr chr17_KI270858v1_alt (235827 bp)
chr chr17_KI270859v1_alt (108763 bp)
chr chr17_GL383566v1_alt (90219 bp)
chr chr17_KI270860v1_alt (178921 bp)
chr chr18_KI270864v1_alt (111737 bp)
chr chr18_GL383567v1_alt (289831 bp)
chr chr18_GL383570v1_alt (164789 bp)
chr chr18_GL383571v1_alt (198278 bp)
chr chr18_GL383568v1_alt (104552 bp)
chr chr18_GL383569v1_alt (167950 bp)
chr chr18_GL383572v1_alt (159547 bp)
chr chr18_KI270863v1_alt (167999 bp)
chr chr19_KI270868v1_alt (61734 bp)
chr chr19_KI270865v1_alt (52969 bp)
chr chr19_GL383573v1_alt (385657 bp)
chr chr19_GL383575v2_alt (170222 bp)
chr chr19_GL383576v1_alt (188024 bp)
chr chr19_GL383574v1_alt (155864 bp)
chr chr19_KI270866v1_alt (43156 bp)
chr chr19_KI270867v1_alt (233762 bp)
chr chr19_GL949746v1_alt (987716 bp)
chr chr20_GL383577v2_alt (128386 bp)
chr chr20_KI270869v1_alt (118774 bp)
chr chr20_KI270871v1_alt (58661 bp)
chr chr20_KI270870v1_alt (183433 bp)
chr chr21_GL383578v2_alt (63917 bp)
chr chr21_KI270874v1_alt (166743 bp)
chr chr21_KI270873v1_alt (143900 bp)
chr chr21_GL383579v2_alt (201197 bp)
chr chr21_GL383580v2_alt (74653 bp)
chr chr21_GL383581v2_alt (116689 bp)
chr chr21_KI270872v1_alt (82692 bp)
chr chr22_KI270875v1_alt (259914 bp)
chr chr22_KI270878v1_alt (186262 bp)
chr chr22_KI270879v1_alt (304135 bp)
chr chr22_KI270876v1_alt (263666 bp)
chr chr22_KI270877v1_alt (101331 bp)
chr chr22_GL383583v2_alt (96924 bp)
chr chr22_GL383582v2_alt (162811 bp)
chr chrX_KI270880v1_alt (284869 bp)
chr chrX_KI270881v1_alt (144206 bp)
chr chr19_KI270882v1_alt (248807 bp)
chr chr19_KI270883v1_alt (170399 bp)
chr chr19_KI270884v1_alt (157053 bp)
chr chr19_KI270885v1_alt (171027 bp)
chr chr19_KI270886v1_alt (204239 bp)
chr chr19_KI270887v1_alt (209512 bp)
chr chr19_KI270888v1_alt (155532 bp)
chr chr19_KI270889v1_alt (170698 bp)
chr chr19_KI270890v1_alt (184499 bp)
chr chr19_KI270891v1_alt (170680 bp)
chr chr1_KI270892v1_alt (162212 bp)
chr chr2_KI270894v1_alt (214158 bp)
chr chr2_KI270893v1_alt (161218 bp)
chr chr3_KI270895v1_alt (162896 bp)
chr chr4_KI270896v1_alt (378547 bp)
chr chr5_KI270897v1_alt (1144418 bp)
chr chr5_KI270898v1_alt (130957 bp)
chr chr6_GL000251v2_alt (4795265 bp)
chr chr7_KI270899v1_alt (190869 bp)
chr chr8_KI270901v1_alt (136959 bp)
chr chr8_KI270900v1_alt (318687 bp)
chr chr11_KI270902v1_alt (106711 bp)
chr chr11_KI270903v1_alt (214625 bp)
chr chr12_KI270904v1_alt (572349 bp)
chr chr15_KI270906v1_alt (196384 bp)
chr chr15_KI270905v1_alt (5161414 bp)
chr chr17_KI270907v1_alt (137721 bp)
chr chr17_KI270910v1_alt (157099 bp)
chr chr17_KI270909v1_alt (325800 bp)
chr chr17_JH159148v1_alt (88070 bp)
chr chr17_KI270908v1_alt (1423190 bp)
chr chr18_KI270912v1_alt (174061 bp)
chr chr18_KI270911v1_alt (157710 bp)
chr chr19_GL949747v2_alt (729520 bp)
chr chr22_KB663609v1_alt (74013 bp)
chr chrX_KI270913v1_alt (274009 bp)
chr chr19_KI270914v1_alt (205194 bp)
chr chr19_KI270915v1_alt (170665 bp)
chr chr19_KI270916v1_alt (184516 bp)
chr chr19_KI270917v1_alt (190932 bp)
chr chr19_KI270918v1_alt (123111 bp)
chr chr19_KI270919v1_alt (170701 bp)
chr chr19_KI270920v1_alt (198005 bp)
chr chr19_KI270921v1_alt (282224 bp)
chr chr19_KI270922v1_alt (187935 bp)
chr chr19_KI270923v1_alt (189352 bp)
chr chr3_KI270924v1_alt (166540 bp)
chr chr4_KI270925v1_alt (555799 bp)
chr chr6_GL000252v2_alt (4604811 bp)
chr chr8_KI270926v1_alt (229282 bp)
chr chr11_KI270927v1_alt (218612 bp)
chr chr19_GL949748v2_alt (1064304 bp)
chr chr22_KI270928v1_alt (176103 bp)
chr chr19_KI270929v1_alt (186203 bp)
chr chr19_KI270930v1_alt (200773 bp)
chr chr19_KI270931v1_alt (170148 bp)
chr chr19_KI270932v1_alt (215732 bp)
chr chr19_KI270933v1_alt (170537 bp)
chr chr19_GL000209v2_alt (177381 bp)
chr chr3_KI270934v1_alt (163458 bp)
chr chr6_GL000253v2_alt (4677643 bp)
chr chr19_GL949749v2_alt (1091841 bp)
chr chr3_KI270935v1_alt (197351 bp)
chr chr6_GL000254v2_alt (4827813 bp)
chr chr19_GL949750v2_alt (1066390 bp)
chr chr3_KI270936v1_alt (164170 bp)
chr chr6_GL000255v2_alt (4606388 bp)
chr chr19_GL949751v2_alt (1002683 bp)
chr chr3_KI270937v1_alt (165607 bp)
chr chr6_GL000256v2_alt (4929269 bp)
chr chr19_GL949752v1_alt (987100 bp)
chr chr6_KI270758v1_alt (76752 bp)
chr chr19_GL949753v2_alt (796479 bp)
chr chr19_KI270938v1_alt (1066800 bp)
chr chrM (16569 bp)
chr chrUn_KI270302v1 (2274 bp)
chr chrUn_KI270304v1 (2165 bp)
chr chrUn_KI270303v1 (1942 bp)
chr chrUn_KI270305v1 (1472 bp)
chr chrUn_KI270322v1 (21476 bp)
chr chrUn_KI270320v1 (4416 bp)
chr chrUn_KI270310v1 (1201 bp)
chr chrUn_KI270316v1 (1444 bp)
chr chrUn_KI270315v1 (2276 bp)
chr chrUn_KI270312v1 (998 bp)
chr chrUn_KI270311v1 (12399 bp)
chr chrUn_KI270317v1 (37690 bp)
chr chrUn_KI270412v1 (1179 bp)
chr chrUn_KI270411v1 (2646 bp)
chr chrUn_KI270414v1 (2489 bp)
chr chrUn_KI270419v1 (1029 bp)
chr chrUn_KI270418v1 (2145 bp)
chr chrUn_KI270420v1 (2321 bp)
chr chrUn_KI270424v1 (2140 bp)
chr chrUn_KI270417v1 (2043 bp)
chr chrUn_KI270422v1 (1445 bp)
chr chrUn_KI270423v1 (981 bp)
chr chrUn_KI270425v1 (1884 bp)
chr chrUn_KI270429v1 (1361 bp)
chr chrUn_KI270442v1 (392061 bp)
chr chrUn_KI270466v1 (1233 bp)
chr chrUn_KI270465v1 (1774 bp)
chr chrUn_KI270467v1 (3920 bp)
chr chrUn_KI270435v1 (92983 bp)
chr chrUn_KI270438v1 (112505 bp)
chr chrUn_KI270468v1 (4055 bp)
chr chrUn_KI270510v1 (2415 bp)
chr chrUn_KI270509v1 (2318 bp)
chr chrUn_KI270518v1 (2186 bp)
chr chrUn_KI270508v1 (1951 bp)
chr chrUn_KI270516v1 (1300 bp)
chr chrUn_KI270512v1 (22689 bp)
chr chrUn_KI270519v1 (138126 bp)
chr chrUn_KI270522v1 (5674 bp)
chr chrUn_KI270511v1 (8127 bp)
chr chrUn_KI270515v1 (6361 bp)
chr chrUn_KI270507v1 (5353 bp)
chr chrUn_KI270517v1 (3253 bp)
chr chrUn_KI270529v1 (1899 bp)
chr chrUn_KI270528v1 (2983 bp)
chr chrUn_KI270530v1 (2168 bp)
chr chrUn_KI270539v1 (993 bp)
chr chrUn_KI270538v1 (91309 bp)
chr chrUn_KI270544v1 (1202 bp)
chr chrUn_KI270548v1 (1599 bp)
chr chrUn_KI270583v1 (1400 bp)
chr chrUn_KI270587v1 (2969 bp)
chr chrUn_KI270580v1 (1553 bp)
chr chrUn_KI270581v1 (7046 bp)
chr chrUn_KI270579v1 (31033 bp)
chr chrUn_KI270589v1 (44474 bp)
chr chrUn_KI270590v1 (4685 bp)
chr chrUn_KI270584v1 (4513 bp)
chr chrUn_KI270582v1 (6504 bp)
chr chrUn_KI270588v1 (6158 bp)
chr chrUn_KI270593v1 (3041 bp)
chr chrUn_KI270591v1 (5796 bp)
chr chrUn_KI270330v1 (1652 bp)
chr chrUn_KI270329v1 (1040 bp)
chr chrUn_KI270334v1 (1368 bp)
chr chrUn_KI270333v1 (2699 bp)
chr chrUn_KI270335v1 (1048 bp)
chr chrUn_KI270338v1 (1428 bp)
chr chrUn_KI270340v1 (1428 bp)
chr chrUn_KI270336v1 (1026 bp)
chr chrUn_KI270337v1 (1121 bp)
chr chrUn_KI270363v1 (1803 bp)
chr chrUn_KI270364v1 (2855 bp)
chr chrUn_KI270362v1 (3530 bp)
chr chrUn_KI270366v1 (8320 bp)
chr chrUn_KI270378v1 (1048 bp)
chr chrUn_KI270379v1 (1045 bp)
chr chrUn_KI270389v1 (1298 bp)
chr chrUn_KI270390v1 (2387 bp)
chr chrUn_KI270387v1 (1537 bp)
chr chrUn_KI270395v1 (1143 bp)
chr chrUn_KI270396v1 (1880 bp)
chr chrUn_KI270388v1 (1216 bp)
chr chrUn_KI270394v1 (970 bp)
chr chrUn_KI270386v1 (1788 bp)
chr chrUn_KI270391v1 (1484 bp)
chr chrUn_KI270383v1 (1750 bp)
chr chrUn_KI270393v1 (1308 bp)
chr chrUn_KI270384v1 (1658 bp)
chr chrUn_KI270392v1 (971 bp)
chr chrUn_KI270381v1 (1930 bp)
chr chrUn_KI270385v1 (990 bp)
chr chrUn_KI270382v1 (4215 bp)
chr chrUn_KI270376v1 (1136 bp)
chr chrUn_KI270374v1 (2656 bp)
chr chrUn_KI270372v1 (1650 bp)
chr chrUn_KI270373v1 (1451 bp)
chr chrUn_KI270375v1 (2378 bp)
chr chrUn_KI270371v1 (2805 bp)
chr chrUn_KI270448v1 (7992 bp)
chr chrUn_KI270521v1 (7642 bp)
chr chrUn_GL000195v1 (182896 bp)
chr chrUn_GL000219v1 (179198 bp)
chr chrUn_GL000220v1 (161802 bp)
chr chrUn_GL000224v1 (179693 bp)
chr chrUn_KI270741v1 (157432 bp)
chr chrUn_GL000226v1 (15008 bp)
chr chrUn_GL000213v1 (164239 bp)
chr chrUn_KI270743v1 (210658 bp)
chr chrUn_KI270744v1 (168472 bp)
chr chrUn_KI270745v1 (41891 bp)
chr chrUn_KI270746v1 (66486 bp)
chr chrUn_KI270747v1 (198735 bp)
chr chrUn_KI270748v1 (93321 bp)
chr chrUn_KI270749v1 (158759 bp)
chr chrUn_KI270750v1 (148850 bp)
chr chrUn_KI270751v1 (150742 bp)
chr chrUn_KI270752v1 (27745 bp)
chr chrUn_KI270753v1 (62944 bp)
chr chrUn_KI270754v1 (40191 bp)
chr chrUn_KI270755v1 (36723 bp)
chr chrUn_KI270756v1 (79590 bp)
chr chrUn_KI270757v1 (71251 bp)
chr chrUn_GL000214v1 (137718 bp)
chr chrUn_KI270742v1 (186739 bp)
chr chrUn_GL000216v2 (176608 bp)
chr chrUn_GL000218v1 (161147 bp)
chr chrX (156040895 bp)
chr chrY (57227415 bp)
chr chrY_KI270740v1_random (37240 bp)


Paired-end alignments will be performed
=======================================

The provided filenames for paired-end alignments are /ifs/groups/sacanGrp/kc3745/pipelines/bs_snp/data/fastq/GSE210218/SRR20731213/SRR20731213_1.fastq and /ifs/groups/sacanGrp/kc3745/pipelines/bs_snp/data/fastq/GSE210218/SRR20731213/SRR20731213_2.fastq

Paired-end alignments will be performed
=======================================

The provided filenames for paired-end alignments are /ifs/groups/sacanGrp/kc3745/pipelines/bs_snp/data/fastq/GSE210218/SRR20731213/SRR20731213_1.fastq and /ifs/groups/sacanGrp/kc3745/pipelines/bs_snp/data/fastq/GSE210218/SRR20731213/SRR20731213_2.fastq

Paired-end alignments will be performed
=======================================

The provided filenames for paired-end alignments are /ifs/groups/sacanGrp/kc3745/pipelines/bs_snp/data/fastq/GSE210218/SRR20731213/SRR20731213_1.fastq and /ifs/groups/sacanGrp/kc3745/pipelines/bs_snp/data/fastq/GSE210218/SRR20731213/SRR20731213_2.fastq

Paired-end alignments will be performed
=======================================

The provided filenames for paired-end alignments are /ifs/groups/sacanGrp/kc3745/pipelines/bs_snp/data/fastq/GSE210218/SRR20731213/SRR20731213_1.fastq and /ifs/groups/sacanGrp/kc3745/pipelines/bs_snp/data/fastq/GSE210218/SRR20731213/SRR20731213_2.fastq

Paired-end alignments will be performed
=======================================

The provided filenames for paired-end alignments are /ifs/groups/sacanGrp/kc3745/pipelines/bs_snp/data/fastq/GSE210218/SRR20731213/SRR20731213_1.fastq and /ifs/groups/sacanGrp/kc3745/pipelines/bs_snp/data/fastq/GSE210218/SRR20731213/SRR20731213_2.fastq

Paired-end alignments will be performed
=======================================

The provided filenames for paired-end alignments are /ifs/groups/sacanGrp/kc3745/pipelines/bs_snp/data/fastq/GSE210218/SRR20731213/SRR20731213_1.fastq and /ifs/groups/sacanGrp/kc3745/pipelines/bs_snp/data/fastq/GSE210218/SRR20731213/SRR20731213_2.fastq

Paired-end alignments will be performed
=======================================

The provided filenames for paired-end alignments are /ifs/groups/sacanGrp/kc3745/pipelines/bs_snp/data/fastq/GSE210218/SRR20731213/SRR20731213_1.fastq and /ifs/groups/sacanGrp/kc3745/pipelines/bs_snp/data/fastq/GSE210218/SRR20731213/SRR20731213_2.fastq

Paired-end alignments will be performed
=======================================

The provided filenames for paired-end alignments are /ifs/groups/sacanGrp/kc3745/pipelines/bs_snp/data/fastq/GSE210218/SRR20731213/SRR20731213_1.fastq and /ifs/groups/sacanGrp/kc3745/pipelines/bs_snp/data/fastq/GSE210218/SRR20731213/SRR20731213_2.fastq

Paired-end alignments will be performed
=======================================

The provided filenames for paired-end alignments are /ifs/groups/sacanGrp/kc3745/pipelines/bs_snp/data/fastq/GSE210218/SRR20731213/SRR20731213_1.fastq and /ifs/groups/sacanGrp/kc3745/pipelines/bs_snp/data/fastq/GSE210218/SRR20731213/SRR20731213_2.fastq

Paired-end alignments will be performed
=======================================

The provided filenames for paired-end alignments are /ifs/groups/sacanGrp/kc3745/pipelines/bs_snp/data/fastq/GSE210218/SRR20731213/SRR20731213_1.fastq and /ifs/groups/sacanGrp/kc3745/pipelines/bs_snp/data/fastq/GSE210218/SRR20731213/SRR20731213_2.fastq

Paired-end alignments will be performed
=======================================

The provided filenames for paired-end alignments are /ifs/groups/sacanGrp/kc3745/pipelines/bs_snp/data/fastq/GSE210218/SRR20731213/SRR20731213_1.fastq and /ifs/groups/sacanGrp/kc3745/pipelines/bs_snp/data/fastq/GSE210218/SRR20731213/SRR20731213_2.fastq

Paired-end alignments will be performed
=======================================

The provided filenames for paired-end alignments are /ifs/groups/sacanGrp/kc3745/pipelines/bs_snp/data/fastq/GSE210218/SRR20731213/SRR20731213_1.fastq and /ifs/groups/sacanGrp/kc3745/pipelines/bs_snp/data/fastq/GSE210218/SRR20731213/SRR20731213_2.fastq

Paired-end alignments will be performed
=======================================

The provided filenames for paired-end alignments are /ifs/groups/sacanGrp/kc3745/pipelines/bs_snp/data/fastq/GSE210218/SRR20731213/SRR20731213_1.fastq and /ifs/groups/sacanGrp/kc3745/pipelines/bs_snp/data/fastq/GSE210218/SRR20731213/SRR20731213_2.fastq

Paired-end alignments will be performed
=======================================

The provided filenames for paired-end alignments are /ifs/groups/sacanGrp/kc3745/pipelines/bs_snp/data/fastq/GSE210218/SRR20731213/SRR20731213_1.fastq and /ifs/groups/sacanGrp/kc3745/pipelines/bs_snp/data/fastq/GSE210218/SRR20731213/SRR20731213_2.fastq

Paired-end alignments will be performed
=======================================

The provided filenames for paired-end alignments are /ifs/groups/sacanGrp/kc3745/pipelines/bs_snp/data/fastq/GSE210218/SRR20731213/SRR20731213_1.fastq and /ifs/groups/sacanGrp/kc3745/pipelines/bs_snp/data/fastq/GSE210218/SRR20731213/SRR20731213_2.fastq

Paired-end alignments will be performed
=======================================

The provided filenames for paired-end alignments are /ifs/groups/sacanGrp/kc3745/pipelines/bs_snp/data/fastq/GSE210218/SRR20731213/SRR20731213_1.fastq and /ifs/groups/sacanGrp/kc3745/pipelines/bs_snp/data/fastq/GSE210218/SRR20731213/SRR20731213_2.fastq

Paired-end alignments will be performed
=======================================

The provided filenames for paired-end alignments are /ifs/groups/sacanGrp/kc3745/pipelines/bs_snp/data/fastq/GSE210218/SRR20731213/SRR20731213_1.fastq and /ifs/groups/sacanGrp/kc3745/pipelines/bs_snp/data/fastq/GSE210218/SRR20731213/SRR20731213_2.fastq

Paired-end alignments will be performed
=======================================

The provided filenames for paired-end alignments are /ifs/groups/sacanGrp/kc3745/pipelines/bs_snp/data/fastq/GSE210218/SRR20731213/SRR20731213_1.fastq and /ifs/groups/sacanGrp/kc3745/pipelines/bs_snp/data/fastq/GSE210218/SRR20731213/SRR20731213_2.fastq

Paired-end alignments will be performed
=======================================

The provided filenames for paired-end alignments are /ifs/groups/sacanGrp/kc3745/pipelines/bs_snp/data/fastq/GSE210218/SRR20731213/SRR20731213_1.fastq and /ifs/groups/sacanGrp/kc3745/pipelines/bs_snp/data/fastq/GSE210218/SRR20731213/SRR20731213_2.fastq

Paired-end alignments will be performed
=======================================

The provided filenames for paired-end alignments are /ifs/groups/sacanGrp/kc3745/pipelines/bs_snp/data/fastq/GSE210218/SRR20731213/SRR20731213_1.fastq and /ifs/groups/sacanGrp/kc3745/pipelines/bs_snp/data/fastq/GSE210218/SRR20731213/SRR20731213_2.fastq

Paired-end alignments will be performed
=======================================

The provided filenames for paired-end alignments are /ifs/groups/sacanGrp/kc3745/pipelines/bs_snp/data/fastq/GSE210218/SRR20731213/SRR20731213_1.fastq and /ifs/groups/sacanGrp/kc3745/pipelines/bs_snp/data/fastq/GSE210218/SRR20731213/SRR20731213_2.fastq

Paired-end alignments will be performed
=======================================

The provided filenames for paired-end alignments are /ifs/groups/sacanGrp/kc3745/pipelines/bs_snp/data/fastq/GSE210218/SRR20731213/SRR20731213_1.fastq and /ifs/groups/sacanGrp/kc3745/pipelines/bs_snp/data/fastq/GSE210218/SRR20731213/SRR20731213_2.fastq

Paired-end alignments will be performed
=======================================

The provided filenames for paired-end alignments are /ifs/groups/sacanGrp/kc3745/pipelines/bs_snp/data/fastq/GSE210218/SRR20731213/SRR20731213_1.fastq and /ifs/groups/sacanGrp/kc3745/pipelines/bs_snp/data/fastq/GSE210218/SRR20731213/SRR20731213_2.fastq

Paired-end alignments will be performed
=======================================

The provided filenames for paired-end alignments are /ifs/groups/sacanGrp/kc3745/pipelines/bs_snp/data/fastq/GSE210218/SRR20731213/SRR20731213_1.fastq and /ifs/groups/sacanGrp/kc3745/pipelines/bs_snp/data/fastq/GSE210218/SRR20731213/SRR20731213_2.fastq

Paired-end alignments will be performed
=======================================

The provided filenames for paired-end alignments are /ifs/groups/sacanGrp/kc3745/pipelines/bs_snp/data/fastq/GSE210218/SRR20731213/SRR20731213_1.fastq and /ifs/groups/sacanGrp/kc3745/pipelines/bs_snp/data/fastq/GSE210218/SRR20731213/SRR20731213_2.fastq

Paired-end alignments will be performed
=======================================

The provided filenames for paired-end alignments are /ifs/groups/sacanGrp/kc3745/pipelines/bs_snp/data/fastq/GSE210218/SRR20731213/SRR20731213_1.fastq and /ifs/groups/sacanGrp/kc3745/pipelines/bs_snp/data/fastq/GSE210218/SRR20731213/SRR20731213_2.fastq

Paired-end alignments will be performed
=======================================

The provided filenames for paired-end alignments are /ifs/groups/sacanGrp/kc3745/pipelines/bs_snp/data/fastq/GSE210218/SRR20731213/SRR20731213_1.fastq and /ifs/groups/sacanGrp/kc3745/pipelines/bs_snp/data/fastq/GSE210218/SRR20731213/SRR20731213_2.fastq

Paired-end alignments will be performed
=======================================

The provided filenames for paired-end alignments are /ifs/groups/sacanGrp/kc3745/pipelines/bs_snp/data/fastq/GSE210218/SRR20731213/SRR20731213_1.fastq and /ifs/groups/sacanGrp/kc3745/pipelines/bs_snp/data/fastq/GSE210218/SRR20731213/SRR20731213_2.fastq

Paired-end alignments will be performed
=======================================

The provided filenames for paired-end alignments are /ifs/groups/sacanGrp/kc3745/pipelines/bs_snp/data/fastq/GSE210218/SRR20731213/SRR20731213_1.fastq and /ifs/groups/sacanGrp/kc3745/pipelines/bs_snp/data/fastq/GSE210218/SRR20731213/SRR20731213_2.fastq

Paired-end alignments will be performed
=======================================

The provided filenames for paired-end alignments are /ifs/groups/sacanGrp/kc3745/pipelines/bs_snp/data/fastq/GSE210218/SRR20731213/SRR20731213_1.fastq and /ifs/groups/sacanGrp/kc3745/pipelines/bs_snp/data/fastq/GSE210218/SRR20731213/SRR20731213_2.fastq

Paired-end alignments will be performed
=======================================

The provided filenames for paired-end alignments are /ifs/groups/sacanGrp/kc3745/pipelines/bs_snp/data/fastq/GSE210218/SRR20731213/SRR20731213_1.fastq and /ifs/groups/sacanGrp/kc3745/pipelines/bs_snp/data/fastq/GSE210218/SRR20731213/SRR20731213_2.fastq

Paired-end alignments will be performed
=======================================

The provided filenames for paired-end alignments are /ifs/groups/sacanGrp/kc3745/pipelines/bs_snp/data/fastq/GSE210218/SRR20731213/SRR20731213_1.fastq and /ifs/groups/sacanGrp/kc3745/pipelines/bs_snp/data/fastq/GSE210218/SRR20731213/SRR20731213_2.fastq

Paired-end alignments will be performed
=======================================

The provided filenames for paired-end alignments are /ifs/groups/sacanGrp/kc3745/pipelines/bs_snp/data/fastq/GSE210218/SRR20731213/SRR20731213_1.fastq and /ifs/groups/sacanGrp/kc3745/pipelines/bs_snp/data/fastq/GSE210218/SRR20731213/SRR20731213_2.fastq

Paired-end alignments will be performed
=======================================

The provided filenames for paired-end alignments are /ifs/groups/sacanGrp/kc3745/pipelines/bs_snp/data/fastq/GSE210218/SRR20731213/SRR20731213_1.fastq and /ifs/groups/sacanGrp/kc3745/pipelines/bs_snp/data/fastq/GSE210218/SRR20731213/SRR20731213_2.fastq

Paired-end alignments will be performed
=======================================

The provided filenames for paired-end alignments are /ifs/groups/sacanGrp/kc3745/pipelines/bs_snp/data/fastq/GSE210218/SRR20731213/SRR20731213_1.fastq and /ifs/groups/sacanGrp/kc3745/pipelines/bs_snp/data/fastq/GSE210218/SRR20731213/SRR20731213_2.fastq

Paired-end alignments will be performed
=======================================

The provided filenames for paired-end alignments are /ifs/groups/sacanGrp/kc3745/pipelines/bs_snp/data/fastq/GSE210218/SRR20731213/SRR20731213_1.fastq and /ifs/groups/sacanGrp/kc3745/pipelines/bs_snp/data/fastq/GSE210218/SRR20731213/SRR20731213_2.fastq

Paired-end alignments will be performed
=======================================

The provided filenames for paired-end alignments are /ifs/groups/sacanGrp/kc3745/pipelines/bs_snp/data/fastq/GSE210218/SRR20731213/SRR20731213_1.fastq and /ifs/groups/sacanGrp/kc3745/pipelines/bs_snp/data/fastq/GSE210218/SRR20731213/SRR20731213_2.fastq

Paired-end alignments will be performed
=======================================

The provided filenames for paired-end alignments are /ifs/groups/sacanGrp/kc3745/pipelines/bs_snp/data/fastq/GSE210218/SRR20731213/SRR20731213_1.fastq and /ifs/groups/sacanGrp/kc3745/pipelines/bs_snp/data/fastq/GSE210218/SRR20731213/SRR20731213_2.fastq

Paired-end alignments will be performed
=======================================

The provided filenames for paired-end alignments are /ifs/groups/sacanGrp/kc3745/pipelines/bs_snp/data/fastq/GSE210218/SRR20731213/SRR20731213_1.fastq and /ifs/groups/sacanGrp/kc3745/pipelines/bs_snp/data/fastq/GSE210218/SRR20731213/SRR20731213_2.fastq

Paired-end alignments will be performed
=======================================

The provided filenames for paired-end alignments are /ifs/groups/sacanGrp/kc3745/pipelines/bs_snp/data/fastq/GSE210218/SRR20731213/SRR20731213_1.fastq and /ifs/groups/sacanGrp/kc3745/pipelines/bs_snp/data/fastq/GSE210218/SRR20731213/SRR20731213_2.fastq

Paired-end alignments will be performed
=======================================

The provided filenames for paired-end alignments are /ifs/groups/sacanGrp/kc3745/pipelines/bs_snp/data/fastq/GSE210218/SRR20731213/SRR20731213_1.fastq and /ifs/groups/sacanGrp/kc3745/pipelines/bs_snp/data/fastq/GSE210218/SRR20731213/SRR20731213_2.fastq

Paired-end alignments will be performed
=======================================

The provided filenames for paired-end alignments are /ifs/groups/sacanGrp/kc3745/pipelines/bs_snp/data/fastq/GSE210218/SRR20731213/SRR20731213_1.fastq and /ifs/groups/sacanGrp/kc3745/pipelines/bs_snp/data/fastq/GSE210218/SRR20731213/SRR20731213_2.fastq

Paired-end alignments will be performed
=======================================

The provided filenames for paired-end alignments are /ifs/groups/sacanGrp/kc3745/pipelines/bs_snp/data/fastq/GSE210218/SRR20731213/SRR20731213_1.fastq and /ifs/groups/sacanGrp/kc3745/pipelines/bs_snp/data/fastq/GSE210218/SRR20731213/SRR20731213_2.fastq

Paired-end alignments will be performed
=======================================

The provided filenames for paired-end alignments are /ifs/groups/sacanGrp/kc3745/pipelines/bs_snp/data/fastq/GSE210218/SRR20731213/SRR20731213_1.fastq and /ifs/groups/sacanGrp/kc3745/pipelines/bs_snp/data/fastq/GSE210218/SRR20731213/SRR20731213_2.fastq

Paired-end alignments will be performed
=======================================

The provided filenames for paired-end alignments are /ifs/groups/sacanGrp/kc3745/pipelines/bs_snp/data/fastq/GSE210218/SRR20731213/SRR20731213_1.fastq and /ifs/groups/sacanGrp/kc3745/pipelines/bs_snp/data/fastq/GSE210218/SRR20731213/SRR20731213_2.fastq

Paired-end alignments will be performed
=======================================

The provided filenames for paired-end alignments are /ifs/groups/sacanGrp/kc3745/pipelines/bs_snp/data/fastq/GSE210218/SRR20731213/SRR20731213_1.fastq and /ifs/groups/sacanGrp/kc3745/pipelines/bs_snp/data/fastq/GSE210218/SRR20731213/SRR20731213_2.fastq

Paired-end alignments will be performed
=======================================

The provided filenames for paired-end alignments are /ifs/groups/sacanGrp/kc3745/pipelines/bs_snp/data/fastq/GSE210218/SRR20731213/SRR20731213_1.fastq and /ifs/groups/sacanGrp/kc3745/pipelines/bs_snp/data/fastq/GSE210218/SRR20731213/SRR20731213_2.fastq

Paired-end alignments will be performed
=======================================

The provided filenames for paired-end alignments are /ifs/groups/sacanGrp/kc3745/pipelines/bs_snp/data/fastq/GSE210218/SRR20731213/SRR20731213_1.fastq and /ifs/groups/sacanGrp/kc3745/pipelines/bs_snp/data/fastq/GSE210218/SRR20731213/SRR20731213_2.fastq
Finished subdividing /ifs/groups/sacanGrp/kc3745/pipelines/bs_snp/data/fastq/GSE210218/SRR20731213/SRR20731213_1.fastq for PID: 0 and offset 13 (sequences written out: 6912495)

Using the subset file >SRR20731213_1.fastq.temp.13< as new in-file 1 (instead of >/ifs/groups/sacanGrp/kc3745/pipelines/bs_snp/data/fastq/GSE210218/SRR20731213/SRR20731213_1.fastq<)
Finished subdividing /ifs/groups/sacanGrp/kc3745/pipelines/bs_snp/data/fastq/GSE210218/SRR20731213/SRR20731213_1.fastq for PID: 0 and offset 5 (sequences written out: 6912495)

Using the subset file >SRR20731213_1.fastq.temp.5< as new in-file 1 (instead of >/ifs/groups/sacanGrp/kc3745/pipelines/bs_snp/data/fastq/GSE210218/SRR20731213/SRR20731213_1.fastq<)
Finished subdividing /ifs/groups/sacanGrp/kc3745/pipelines/bs_snp/data/fastq/GSE210218/SRR20731213/SRR20731213_1.fastq for PID: 0 and offset 38 (sequences written out: 6912494)

Using the subset file >SRR20731213_1.fastq.temp.38< as new in-file 1 (instead of >/ifs/groups/sacanGrp/kc3745/pipelines/bs_snp/data/fastq/GSE210218/SRR20731213/SRR20731213_1.fastq<)
Finished subdividing /ifs/groups/sacanGrp/kc3745/pipelines/bs_snp/data/fastq/GSE210218/SRR20731213/SRR20731213_1.fastq for PID: 0 and offset 25 (sequences written out: 6912494)

Using the subset file >SRR20731213_1.fastq.temp.25< as new in-file 1 (instead of >/ifs/groups/sacanGrp/kc3745/pipelines/bs_snp/data/fastq/GSE210218/SRR20731213/SRR20731213_1.fastq<)
Finished subdividing /ifs/groups/sacanGrp/kc3745/pipelines/bs_snp/data/fastq/GSE210218/SRR20731213/SRR20731213_1.fastq for PID: 0 and offset 21 (sequences written out: 6912494)

Using the subset file >SRR20731213_1.fastq.temp.21< as new in-file 1 (instead of >/ifs/groups/sacanGrp/kc3745/pipelines/bs_snp/data/fastq/GSE210218/SRR20731213/SRR20731213_1.fastq<)
Finished subdividing /ifs/groups/sacanGrp/kc3745/pipelines/bs_snp/data/fastq/GSE210218/SRR20731213/SRR20731213_1.fastq for PID: 0 and offset 11 (sequences written out: 6912495)

Using the subset file >SRR20731213_1.fastq.temp.11< as new in-file 1 (instead of >/ifs/groups/sacanGrp/kc3745/pipelines/bs_snp/data/fastq/GSE210218/SRR20731213/SRR20731213_1.fastq<)
Finished subdividing /ifs/groups/sacanGrp/kc3745/pipelines/bs_snp/data/fastq/GSE210218/SRR20731213/SRR20731213_1.fastq for PID: 0 and offset 47 (sequences written out: 6912494)

Using the subset file >SRR20731213_1.fastq.temp.47< as new in-file 1 (instead of >/ifs/groups/sacanGrp/kc3745/pipelines/bs_snp/data/fastq/GSE210218/SRR20731213/SRR20731213_1.fastq<)
Finished subdividing /ifs/groups/sacanGrp/kc3745/pipelines/bs_snp/data/fastq/GSE210218/SRR20731213/SRR20731213_1.fastq for PID: 0 and offset 15 (sequences written out: 6912495)

Using the subset file >SRR20731213_1.fastq.temp.15< as new in-file 1 (instead of >/ifs/groups/sacanGrp/kc3745/pipelines/bs_snp/data/fastq/GSE210218/SRR20731213/SRR20731213_1.fastq<)
Finished subdividing /ifs/groups/sacanGrp/kc3745/pipelines/bs_snp/data/fastq/GSE210218/SRR20731213/SRR20731213_1.fastq for PID: 0 and offset 35 (sequences written out: 6912494)

Using the subset file >SRR20731213_1.fastq.temp.35< as new in-file 1 (instead of >/ifs/groups/sacanGrp/kc3745/pipelines/bs_snp/data/fastq/GSE210218/SRR20731213/SRR20731213_1.fastq<)
Finished subdividing /ifs/groups/sacanGrp/kc3745/pipelines/bs_snp/data/fastq/GSE210218/SRR20731213/SRR20731213_1.fastq for PID: 0 and offset 44 (sequences written out: 6912494)

Using the subset file >SRR20731213_1.fastq.temp.44< as new in-file 1 (instead of >/ifs/groups/sacanGrp/kc3745/pipelines/bs_snp/data/fastq/GSE210218/SRR20731213/SRR20731213_1.fastq<)
Finished subdividing /ifs/groups/sacanGrp/kc3745/pipelines/bs_snp/data/fastq/GSE210218/SRR20731213/SRR20731213_1.fastq for PID: 0 and offset 41 (sequences written out: 6912494)

Using the subset file >SRR20731213_1.fastq.temp.41< as new in-file 1 (instead of >/ifs/groups/sacanGrp/kc3745/pipelines/bs_snp/data/fastq/GSE210218/SRR20731213/SRR20731213_1.fastq<)
Finished subdividing /ifs/groups/sacanGrp/kc3745/pipelines/bs_snp/data/fastq/GSE210218/SRR20731213/SRR20731213_1.fastq for PID: 0 and offset 32 (sequences written out: 6912494)

Using the subset file >SRR20731213_1.fastq.temp.32< as new in-file 1 (instead of >/ifs/groups/sacanGrp/kc3745/pipelines/bs_snp/data/fastq/GSE210218/SRR20731213/SRR20731213_1.fastq<)
Finished subdividing /ifs/groups/sacanGrp/kc3745/pipelines/bs_snp/data/fastq/GSE210218/SRR20731213/SRR20731213_1.fastq for PID: 0 and offset 8 (sequences written out: 6912495)

Using the subset file >SRR20731213_1.fastq.temp.8< as new in-file 1 (instead of >/ifs/groups/sacanGrp/kc3745/pipelines/bs_snp/data/fastq/GSE210218/SRR20731213/SRR20731213_1.fastq<)
Finished subdividing /ifs/groups/sacanGrp/kc3745/pipelines/bs_snp/data/fastq/GSE210218/SRR20731213/SRR20731213_1.fastq for PID: 0 and offset 37 (sequences written out: 6912494)

Using the subset file >SRR20731213_1.fastq.temp.37< as new in-file 1 (instead of >/ifs/groups/sacanGrp/kc3745/pipelines/bs_snp/data/fastq/GSE210218/SRR20731213/SRR20731213_1.fastq<)
Finished subdividing /ifs/groups/sacanGrp/kc3745/pipelines/bs_snp/data/fastq/GSE210218/SRR20731213/SRR20731213_1.fastq for PID: 0 and offset 31 (sequences written out: 6912494)

Using the subset file >SRR20731213_1.fastq.temp.31< as new in-file 1 (instead of >/ifs/groups/sacanGrp/kc3745/pipelines/bs_snp/data/fastq/GSE210218/SRR20731213/SRR20731213_1.fastq<)
Finished subdividing /ifs/groups/sacanGrp/kc3745/pipelines/bs_snp/data/fastq/GSE210218/SRR20731213/SRR20731213_1.fastq for PID: 0 and offset 30 (sequences written out: 6912494)

Finished subdividing /ifs/groups/sacanGrp/kc3745/pipelines/bs_snp/data/fastq/GSE210218/SRR20731213/SRR20731213_1.fastq for PID: 0 and offset 1 (sequences written out: 6912495)

Using the subset file >SRR20731213_1.fastq.temp.30< as new in-file 1 (instead of >/ifs/groups/sacanGrp/kc3745/pipelines/bs_snp/data/fastq/GSE210218/SRR20731213/SRR20731213_1.fastq<)
Using the subset file >SRR20731213_1.fastq.temp.1< as new in-file 1 (instead of >/ifs/groups/sacanGrp/kc3745/pipelines/bs_snp/data/fastq/GSE210218/SRR20731213/SRR20731213_1.fastq<)
Finished subdividing /ifs/groups/sacanGrp/kc3745/pipelines/bs_snp/data/fastq/GSE210218/SRR20731213/SRR20731213_1.fastq for PID: 0 and offset 2 (sequences written out: 6912495)

Using the subset file >SRR20731213_1.fastq.temp.2< as new in-file 1 (instead of >/ifs/groups/sacanGrp/kc3745/pipelines/bs_snp/data/fastq/GSE210218/SRR20731213/SRR20731213_1.fastq<)
Finished subdividing /ifs/groups/sacanGrp/kc3745/pipelines/bs_snp/data/fastq/GSE210218/SRR20731213/SRR20731213_1.fastq for PID: 0 and offset 16 (sequences written out: 6912494)

Using the subset file >SRR20731213_1.fastq.temp.16< as new in-file 1 (instead of >/ifs/groups/sacanGrp/kc3745/pipelines/bs_snp/data/fastq/GSE210218/SRR20731213/SRR20731213_1.fastq<)
Finished subdividing /ifs/groups/sacanGrp/kc3745/pipelines/bs_snp/data/fastq/GSE210218/SRR20731213/SRR20731213_1.fastq for PID: 0 and offset 17 (sequences written out: 6912494)

Using the subset file >SRR20731213_1.fastq.temp.17< as new in-file 1 (instead of >/ifs/groups/sacanGrp/kc3745/pipelines/bs_snp/data/fastq/GSE210218/SRR20731213/SRR20731213_1.fastq<)
Finished subdividing /ifs/groups/sacanGrp/kc3745/pipelines/bs_snp/data/fastq/GSE210218/SRR20731213/SRR20731213_1.fastq for PID: 0 and offset 39 (sequences written out: 6912494)

Using the subset file >SRR20731213_1.fastq.temp.39< as new in-file 1 (instead of >/ifs/groups/sacanGrp/kc3745/pipelines/bs_snp/data/fastq/GSE210218/SRR20731213/SRR20731213_1.fastq<)
Finished subdividing /ifs/groups/sacanGrp/kc3745/pipelines/bs_snp/data/fastq/GSE210218/SRR20731213/SRR20731213_1.fastq for PID: 0 and offset 24 (sequences written out: 6912494)

Using the subset file >SRR20731213_1.fastq.temp.24< as new in-file 1 (instead of >/ifs/groups/sacanGrp/kc3745/pipelines/bs_snp/data/fastq/GSE210218/SRR20731213/SRR20731213_1.fastq<)
Finished subdividing /ifs/groups/sacanGrp/kc3745/pipelines/bs_snp/data/fastq/GSE210218/SRR20731213/SRR20731213_1.fastq for PID: 0 and offset 29 (sequences written out: 6912494)

Using the subset file >SRR20731213_1.fastq.temp.29< as new in-file 1 (instead of >/ifs/groups/sacanGrp/kc3745/pipelines/bs_snp/data/fastq/GSE210218/SRR20731213/SRR20731213_1.fastq<)
Finished subdividing /ifs/groups/sacanGrp/kc3745/pipelines/bs_snp/data/fastq/GSE210218/SRR20731213/SRR20731213_1.fastq for PID: 0 and offset 22 (sequences written out: 6912494)

Using the subset file >SRR20731213_1.fastq.temp.22< as new in-file 1 (instead of >/ifs/groups/sacanGrp/kc3745/pipelines/bs_snp/data/fastq/GSE210218/SRR20731213/SRR20731213_1.fastq<)
Finished subdividing /ifs/groups/sacanGrp/kc3745/pipelines/bs_snp/data/fastq/GSE210218/SRR20731213/SRR20731213_1.fastq for PID: 0 and offset 36 (sequences written out: 6912494)

Using the subset file >SRR20731213_1.fastq.temp.36< as new in-file 1 (instead of >/ifs/groups/sacanGrp/kc3745/pipelines/bs_snp/data/fastq/GSE210218/SRR20731213/SRR20731213_1.fastq<)
Finished subdividing /ifs/groups/sacanGrp/kc3745/pipelines/bs_snp/data/fastq/GSE210218/SRR20731213/SRR20731213_1.fastq for PID: 0 and offset 18 (sequences written out: 6912494)

Using the subset file >SRR20731213_1.fastq.temp.18< as new in-file 1 (instead of >/ifs/groups/sacanGrp/kc3745/pipelines/bs_snp/data/fastq/GSE210218/SRR20731213/SRR20731213_1.fastq<)
Finished subdividing /ifs/groups/sacanGrp/kc3745/pipelines/bs_snp/data/fastq/GSE210218/SRR20731213/SRR20731213_1.fastq for PID: 0 and offset 27 (sequences written out: 6912494)

Using the subset file >SRR20731213_1.fastq.temp.27< as new in-file 1 (instead of >/ifs/groups/sacanGrp/kc3745/pipelines/bs_snp/data/fastq/GSE210218/SRR20731213/SRR20731213_1.fastq<)
Finished subdividing /ifs/groups/sacanGrp/kc3745/pipelines/bs_snp/data/fastq/GSE210218/SRR20731213/SRR20731213_1.fastq for PID: 0 and offset 19 (sequences written out: 6912494)

Using the subset file >SRR20731213_1.fastq.temp.19< as new in-file 1 (instead of >/ifs/groups/sacanGrp/kc3745/pipelines/bs_snp/data/fastq/GSE210218/SRR20731213/SRR20731213_1.fastq<)
Finished subdividing /ifs/groups/sacanGrp/kc3745/pipelines/bs_snp/data/fastq/GSE210218/SRR20731213/SRR20731213_1.fastq for PID: 0 and offset 40 (sequences written out: 6912494)

Using the subset file >SRR20731213_1.fastq.temp.40< as new in-file 1 (instead of >/ifs/groups/sacanGrp/kc3745/pipelines/bs_snp/data/fastq/GSE210218/SRR20731213/SRR20731213_1.fastq<)
Finished subdividing /ifs/groups/sacanGrp/kc3745/pipelines/bs_snp/data/fastq/GSE210218/SRR20731213/SRR20731213_1.fastq for PID: 0 and offset 10 (sequences written out: 6912495)

Using the subset file >SRR20731213_1.fastq.temp.10< as new in-file 1 (instead of >/ifs/groups/sacanGrp/kc3745/pipelines/bs_snp/data/fastq/GSE210218/SRR20731213/SRR20731213_1.fastq<)
Finished subdividing /ifs/groups/sacanGrp/kc3745/pipelines/bs_snp/data/fastq/GSE210218/SRR20731213/SRR20731213_1.fastq for PID: 0 and offset 43 (sequences written out: 6912494)

Using the subset file >SRR20731213_1.fastq.temp.43< as new in-file 1 (instead of >/ifs/groups/sacanGrp/kc3745/pipelines/bs_snp/data/fastq/GSE210218/SRR20731213/SRR20731213_1.fastq<)
Finished subdividing /ifs/groups/sacanGrp/kc3745/pipelines/bs_snp/data/fastq/GSE210218/SRR20731213/SRR20731213_1.fastq for PID: 0 and offset 28 (sequences written out: 6912494)

Using the subset file >SRR20731213_1.fastq.temp.28< as new in-file 1 (instead of >/ifs/groups/sacanGrp/kc3745/pipelines/bs_snp/data/fastq/GSE210218/SRR20731213/SRR20731213_1.fastq<)
Finished subdividing /ifs/groups/sacanGrp/kc3745/pipelines/bs_snp/data/fastq/GSE210218/SRR20731213/SRR20731213_1.fastq for PID: 0 and offset 33 (sequences written out: 6912494)

Using the subset file >SRR20731213_1.fastq.temp.33< as new in-file 1 (instead of >/ifs/groups/sacanGrp/kc3745/pipelines/bs_snp/data/fastq/GSE210218/SRR20731213/SRR20731213_1.fastq<)
Finished subdividing /ifs/groups/sacanGrp/kc3745/pipelines/bs_snp/data/fastq/GSE210218/SRR20731213/SRR20731213_1.fastq for PID: 0 and offset 12 (sequences written out: 6912495)

Using the subset file >SRR20731213_1.fastq.temp.12< as new in-file 1 (instead of >/ifs/groups/sacanGrp/kc3745/pipelines/bs_snp/data/fastq/GSE210218/SRR20731213/SRR20731213_1.fastq<)
Finished subdividing /ifs/groups/sacanGrp/kc3745/pipelines/bs_snp/data/fastq/GSE210218/SRR20731213/SRR20731213_1.fastq for PID: 0 and offset 46 (sequences written out: 6912494)

Using the subset file >SRR20731213_1.fastq.temp.46< as new in-file 1 (instead of >/ifs/groups/sacanGrp/kc3745/pipelines/bs_snp/data/fastq/GSE210218/SRR20731213/SRR20731213_1.fastq<)
Finished subdividing /ifs/groups/sacanGrp/kc3745/pipelines/bs_snp/data/fastq/GSE210218/SRR20731213/SRR20731213_1.fastq for PID: 0 and offset 9 (sequences written out: 6912495)

Using the subset file >SRR20731213_1.fastq.temp.9< as new in-file 1 (instead of >/ifs/groups/sacanGrp/kc3745/pipelines/bs_snp/data/fastq/GSE210218/SRR20731213/SRR20731213_1.fastq<)
Finished subdividing /ifs/groups/sacanGrp/kc3745/pipelines/bs_snp/data/fastq/GSE210218/SRR20731213/SRR20731213_1.fastq for PID: 0 and offset 34 (sequences written out: 6912494)

Finished subdividing /ifs/groups/sacanGrp/kc3745/pipelines/bs_snp/data/fastq/GSE210218/SRR20731213/SRR20731213_1.fastq for PID: 0 and offset 45 (sequences written out: 6912494)

Using the subset file >SRR20731213_1.fastq.temp.34< as new in-file 1 (instead of >/ifs/groups/sacanGrp/kc3745/pipelines/bs_snp/data/fastq/GSE210218/SRR20731213/SRR20731213_1.fastq<)
Using the subset file >SRR20731213_1.fastq.temp.45< as new in-file 1 (instead of >/ifs/groups/sacanGrp/kc3745/pipelines/bs_snp/data/fastq/GSE210218/SRR20731213/SRR20731213_1.fastq<)
Finished subdividing /ifs/groups/sacanGrp/kc3745/pipelines/bs_snp/data/fastq/GSE210218/SRR20731213/SRR20731213_1.fastq for PID: 0 and offset 4 (sequences written out: 6912495)

Using the subset file >SRR20731213_1.fastq.temp.4< as new in-file 1 (instead of >/ifs/groups/sacanGrp/kc3745/pipelines/bs_snp/data/fastq/GSE210218/SRR20731213/SRR20731213_1.fastq<)
Finished subdividing /ifs/groups/sacanGrp/kc3745/pipelines/bs_snp/data/fastq/GSE210218/SRR20731213/SRR20731213_1.fastq for PID: 66879 and offset 48 (sequences written out: 6912494)

Using the subset file >SRR20731213_1.fastq.temp.48< as new in-file 1 (instead of >/ifs/groups/sacanGrp/kc3745/pipelines/bs_snp/data/fastq/GSE210218/SRR20731213/SRR20731213_1.fastq<)
Finished subdividing /ifs/groups/sacanGrp/kc3745/pipelines/bs_snp/data/fastq/GSE210218/SRR20731213/SRR20731213_1.fastq for PID: 0 and offset 14 (sequences written out: 6912495)

Using the subset file >SRR20731213_1.fastq.temp.14< as new in-file 1 (instead of >/ifs/groups/sacanGrp/kc3745/pipelines/bs_snp/data/fastq/GSE210218/SRR20731213/SRR20731213_1.fastq<)
Finished subdividing /ifs/groups/sacanGrp/kc3745/pipelines/bs_snp/data/fastq/GSE210218/SRR20731213/SRR20731213_1.fastq for PID: 0 and offset 26 (sequences written out: 6912494)

Using the subset file >SRR20731213_1.fastq.temp.26< as new in-file 1 (instead of >/ifs/groups/sacanGrp/kc3745/pipelines/bs_snp/data/fastq/GSE210218/SRR20731213/SRR20731213_1.fastq<)
Finished subdividing /ifs/groups/sacanGrp/kc3745/pipelines/bs_snp/data/fastq/GSE210218/SRR20731213/SRR20731213_1.fastq for PID: 0 and offset 20 (sequences written out: 6912494)

Using the subset file >SRR20731213_1.fastq.temp.20< as new in-file 1 (instead of >/ifs/groups/sacanGrp/kc3745/pipelines/bs_snp/data/fastq/GSE210218/SRR20731213/SRR20731213_1.fastq<)
Finished subdividing /ifs/groups/sacanGrp/kc3745/pipelines/bs_snp/data/fastq/GSE210218/SRR20731213/SRR20731213_1.fastq for PID: 0 and offset 3 (sequences written out: 6912495)

Using the subset file >SRR20731213_1.fastq.temp.3< as new in-file 1 (instead of >/ifs/groups/sacanGrp/kc3745/pipelines/bs_snp/data/fastq/GSE210218/SRR20731213/SRR20731213_1.fastq<)
Finished subdividing /ifs/groups/sacanGrp/kc3745/pipelines/bs_snp/data/fastq/GSE210218/SRR20731213/SRR20731213_1.fastq for PID: 0 and offset 23 (sequences written out: 6912494)

Using the subset file >SRR20731213_1.fastq.temp.23< as new in-file 1 (instead of >/ifs/groups/sacanGrp/kc3745/pipelines/bs_snp/data/fastq/GSE210218/SRR20731213/SRR20731213_1.fastq<)
Finished subdividing /ifs/groups/sacanGrp/kc3745/pipelines/bs_snp/data/fastq/GSE210218/SRR20731213/SRR20731213_1.fastq for PID: 0 and offset 42 (sequences written out: 6912494)

Using the subset file >SRR20731213_1.fastq.temp.42< as new in-file 1 (instead of >/ifs/groups/sacanGrp/kc3745/pipelines/bs_snp/data/fastq/GSE210218/SRR20731213/SRR20731213_1.fastq<)
Finished subdividing /ifs/groups/sacanGrp/kc3745/pipelines/bs_snp/data/fastq/GSE210218/SRR20731213/SRR20731213_1.fastq for PID: 0 and offset 6 (sequences written out: 6912495)

Using the subset file >SRR20731213_1.fastq.temp.6< as new in-file 1 (instead of >/ifs/groups/sacanGrp/kc3745/pipelines/bs_snp/data/fastq/GSE210218/SRR20731213/SRR20731213_1.fastq<)
Finished subdividing /ifs/groups/sacanGrp/kc3745/pipelines/bs_snp/data/fastq/GSE210218/SRR20731213/SRR20731213_1.fastq for PID: 0 and offset 7 (sequences written out: 6912495)

Using the subset file >SRR20731213_1.fastq.temp.7< as new in-file 1 (instead of >/ifs/groups/sacanGrp/kc3745/pipelines/bs_snp/data/fastq/GSE210218/SRR20731213/SRR20731213_1.fastq<)
